Program Body
{
  int _1_PROVE = 0;
  int x;
  int y;
  x = -50;
  while (x < 0)
  {
    x = x + y;
    y = y + 1;
  }

  _1_PROVE = y > 0;
}

Function Name:
main
Return Type:
int
Input Variables:
{}
Local Variables:
{ y:int x:int _1_PROVE:int}

Output in normal notation:
1. Frame axioms:

2. Output equations:
y1 = (_N1+y)
x1 = ((((((2*_N1)*y)-_N1)+(2*-(50)))+(_N1**2))/2)

3. Other axioms:
(((((((2*_N1)*y)-_N1)+(2*-(50)))+(_N1**2))/2)>=0)
(_n1<_N1) -> (((((((2*_n1)*y)-_n1)+(2*-(50)))+(_n1**2))/2)<0)

4. Assumption :

5. Assertion :
((_N1+y)>0)
Strategy applied 1
VIAP_STANDARD_OUTPUT_True
