Program Body
{
  int _1_PROVE = 0;
  int i;
  int c;
  i = 0;
  c = 0;
  while (i < 1000)
  {
    c = c + i;
    i = i + 1;
  }

  _1_PROVE = c >= 0;
}

Function Name:
main
Return Type:
int
Input Variables:
{}
Local Variables:
{ i:int c:int _1_PROVE:int}

Output in normal notation:
1. Frame axioms:

2. Output equations:
i1 = (_N1+0)
c1 = ((((((2*_N1)*0)-_N1)+(2*0))+(_N1**2))/2)

3. Other axioms:
(_N1>=(-(0)+1000))
(_n1<_N1) -> ((_n1+0)<1000)

4. Assumption :

5. Assertion :
(((((((2*_N1)*0)-_N1)+(2*0))+(_N1**2))/2)>=0)
Strategy applied 1
VIAP_STANDARD_OUTPUT_True
